Using pre-set license
Built from '2021.2/staging' branch; Version is '2021.2.3f1 (32358a8527b4) revision 3290506'; Using compiler version '192829333'; Build Type 'Release'
OS: 'Windows 10 Home Single Language; OS build 19043.1586; Version 2009; 64bit' Language: 'en' Physical Memory: 8042 MB
BatchMode: 1, IsHumanControllingUs: 0, StartBugReporterOnCrash: 0, Is64bit: 1, IsPro: 0

COMMAND LINE ARGUMENTS:
C:\Program Files\Unity 2021.2.3f1\Editor\Unity.exe
-adb2
-batchMode
-noUpm
-name
AssetImportWorker0
-projectPath
C:/Users/Harish/Desktop/MajorProject/unityProjects/project1/New Unity Project
-logFile
Logs/AssetImportWorker0.log
-srvPort
62261
Successfully changed project path to: C:/Users/Harish/Desktop/MajorProject/unityProjects/project1/New Unity Project
C:/Users/Harish/Desktop/MajorProject/unityProjects/project1/New Unity Project
[UnityMemory] Configuration Parameters - Can be set up in boot.config
    "memorysetup-bucket-allocator-granularity=16"
    "memorysetup-bucket-allocator-bucket-count=8"
    "memorysetup-bucket-allocator-block-size=33554432"
    "memorysetup-bucket-allocator-block-count=8"
    "memorysetup-main-allocator-block-size=16777216"
    "memorysetup-thread-allocator-block-size=16777216"
    "memorysetup-gfx-main-allocator-block-size=16777216"
    "memorysetup-gfx-thread-allocator-block-size=16777216"
    "memorysetup-cache-allocator-block-size=4194304"
    "memorysetup-typetree-allocator-block-size=2097152"
    "memorysetup-profiler-bucket-allocator-granularity=16"
    "memorysetup-profiler-bucket-allocator-bucket-count=8"
    "memorysetup-profiler-bucket-allocator-block-size=33554432"
    "memorysetup-profiler-bucket-allocator-block-count=8"
    "memorysetup-profiler-allocator-block-size=16777216"
    "memorysetup-profiler-editor-allocator-block-size=1048576"
    "memorysetup-temp-allocator-size-main=16777216"
    "memorysetup-job-temp-allocator-block-size=2097152"
    "memorysetup-job-temp-allocator-block-size-background=1048576"
    "memorysetup-job-temp-allocator-reduction-small-platforms=262144"
    "memorysetup-temp-allocator-size-background-worker=32768"
    "memorysetup-temp-allocator-size-job-worker=262144"
    "memorysetup-temp-allocator-size-preload-manager=33554432"
    "memorysetup-temp-allocator-size-nav-mesh-worker=65536"
    "memorysetup-temp-allocator-size-audio-worker=65536"
    "memorysetup-temp-allocator-size-cloud-worker=32768"
    "memorysetup-temp-allocator-size-gi-baking-worker=262144"
    "memorysetup-temp-allocator-size-gfx=262144"
Refreshing native plugins compatible for Editor in 223.39 ms, found 6 plugins.
Preloading 1 native plugins for Editor in 2.29 ms.
Initialize engine version: 2021.2.3f1 (32358a8527b4)
[Subsystems] Discovering subsystems at path C:/Program Files/Unity 2021.2.3f1/Editor/Data/Resources/UnitySubsystems
[Subsystems] Discovering subsystems at path C:/Users/Harish/Desktop/MajorProject/unityProjects/project1/New Unity Project/Assets
GfxDevice: creating device client; threaded=0; jobified=0
Direct3D:
    Version:  Direct3D 11.0 [level 11.0]
    Renderer: NVIDIA GeForce MX130 (ID=0x174d)
    Vendor:   NVIDIA
    VRAM:     2010 MB
    Driver:   24.21.13.9872
Initialize mono
Mono path[0] = 'C:/Program Files/Unity 2021.2.3f1/Editor/Data/Managed'
Mono path[1] = 'C:/Program Files/Unity 2021.2.3f1/Editor/Data/MonoBleedingEdge/lib/mono/unityjit-win32'
Mono config path = 'C:/Program Files/Unity 2021.2.3f1/Editor/Data/MonoBleedingEdge/etc'
Using monoOptions --debugger-agent=transport=dt_socket,embedding=1,server=y,suspend=n,address=127.0.0.1:56720
Begin MonoManager ReloadAssembly
Registering precompiled unity dll's ...
Register platform support module: C:/Program Files/Unity 2021.2.3f1/Editor/Data/PlaybackEngines/WindowsStandaloneSupport/UnityEditor.WindowsStandalone.Extensions.dll
Registered in 0.021072 seconds.
Native extension for WindowsStandalone target not found
Refreshing native plugins compatible for Editor in 212.07 ms, found 6 plugins.
Preloading 1 native plugins for Editor in 0.20 ms.
Mono: successfully reloaded assembly
- Completed reload, in  2.023 seconds
Domain Reload Profiling:
	ReloadAssembly (2024ms)
		BeginReloadAssembly (205ms)
			ExecutionOrderSort (0ms)
			DisableScriptedObjects (0ms)
			BackupInstance (0ms)
			ReleaseScriptingObjects (0ms)
			CreateAndSetChildDomain (1ms)
		EndReloadAssembly (1552ms)
			LoadAssemblies (200ms)
			RebuildTransferFunctionScriptingTraits (0ms)
			SetupTypeCache (363ms)
			ReleaseScriptCaches (0ms)
			RebuildScriptCaches (110ms)
			SetupLoadedEditorAssemblies (885ms)
				LogAssemblyErrors (0ms)
				InitializePlatformSupportModulesInManaged (48ms)
				SetLoadedEditorAssemblies (1ms)
				RefreshPlugins (212ms)
				BeforeProcessingInitializeOnLoad (3ms)
				ProcessInitializeOnLoadAttributes (430ms)
				ProcessInitializeOnLoadMethodAttributes (190ms)
				AfterProcessingInitializeOnLoad (0ms)
				EditorAssembliesLoaded (0ms)
			ExecutionOrderSort2 (0ms)
			AwakeInstancesAfterBackupRestoration (0ms)
Platform modules already initialized, skipping
Registering precompiled user dll's ...
Registered in 0.018385 seconds.
Begin MonoManager ReloadAssembly
Native extension for WindowsStandalone target not found
Refreshing native plugins compatible for Editor in 1.35 ms, found 6 plugins.
Preloading 1 native plugins for Editor in 0.24 ms.
Package Manager log level set to [2]
System.Reflection.TargetInvocationException: Exception has been thrown by the target of an invocation. ---> System.NullReferenceException: Object reference not set to an instance of an object
  at Unity.XR.Oculus.OculusLoader.AssetPathToAbsolutePath (System.String assetPath) [0x0003d] in C:\Users\Harish\Desktop\MajorProject\unityProjects\project1\New Unity Project\Library\PackageCache\com.unity.xr.oculus@1.10.0\Runtime\OculusLoader.cs:250 
  at Unity.XR.Oculus.OculusLoader.EditorLoadOVRPlugin () [0x0007b] in C:\Users\Harish\Desktop\MajorProject\unityProjects\project1\New Unity Project\Library\PackageCache\com.unity.xr.oculus@1.10.0\Runtime\OculusLoader.cs:235 
  at (wrapper managed-to-native) System.Reflection.RuntimeMethodInfo.InternalInvoke(System.Reflection.RuntimeMethodInfo,object,object[],System.Exception&)
  at System.Reflection.RuntimeMethodInfo.Invoke (System.Object obj, System.Reflection.BindingFlags invokeAttr, System.Reflection.Binder binder, System.Object[] parameters, System.Globalization.CultureInfo culture) [0x0006a] in <00c558282d074245ab3496e2d108079b>:0 
   --- End of inner exception stack trace ---
  at System.Reflection.RuntimeMethodInfo.Invoke (System.Object obj, System.Reflection.BindingFlags invokeAttr, System.Reflection.Binder binder, System.Object[] parameters, System.Globalization.CultureInfo culture) [0x00083] in <00c558282d074245ab3496e2d108079b>:0 
  at System.Reflection.MethodBase.Invoke (System.Object obj, System.Object[] parameters) [0x00000] in <00c558282d074245ab3496e2d108079b>:0 
  at UnityEditor.EditorAssemblies.ProcessInitializeOnLoadMethodAttributes () [0x000a5] in <ba030cc3475e41258f58c8c467eb72e2>:0 
UnityEngine.StackTraceUtility:ExtractStackTrace ()
UnityEngine.DebugLogHandler:LogFormat (UnityEngine.LogType,UnityEngine.Object,string,object[])
UnityEngine.Logger:Log (UnityEngine.LogType,object)
UnityEngine.Debug:LogError (object)
UnityEditor.EditorAssemblies:ProcessInitializeOnLoadMethodAttributes ()

Mono: successfully reloaded assembly
- Completed reload, in  4.117 seconds
Domain Reload Profiling:
	ReloadAssembly (4119ms)
		BeginReloadAssembly (630ms)
			ExecutionOrderSort (0ms)
			DisableScriptedObjects (22ms)
			BackupInstance (0ms)
			ReleaseScriptingObjects (0ms)
			CreateAndSetChildDomain (64ms)
		EndReloadAssembly (3127ms)
			LoadAssemblies (223ms)
			RebuildTransferFunctionScriptingTraits (0ms)
			SetupTypeCache (874ms)
			ReleaseScriptCaches (1ms)
			RebuildScriptCaches (198ms)
			SetupLoadedEditorAssemblies (1350ms)
				LogAssemblyErrors (0ms)
				InitializePlatformSupportModulesInManaged (43ms)
				SetLoadedEditorAssemblies (1ms)
				RefreshPlugins (2ms)
				BeforeProcessingInitializeOnLoad (285ms)
				ProcessInitializeOnLoadAttributes (864ms)
				ProcessInitializeOnLoadMethodAttributes (123ms)
				AfterProcessingInitializeOnLoad (30ms)
				EditorAssembliesLoaded (0ms)
			ExecutionOrderSort2 (0ms)
			AwakeInstancesAfterBackupRestoration (22ms)
Platform modules already initialized, skipping
========================================================================
Worker process is ready to serve import requests
Launched and connected shader compiler UnityShaderCompiler.exe after 0.18 seconds
Refreshing native plugins compatible for Editor in 1.82 ms, found 6 plugins.
Preloading 1 native plugins for Editor in 0.24 ms.
Unloading 3484 Unused Serialized files (Serialized files now loaded: 0)
Unloading 25 unused Assets / (58.0 KB). Loaded Objects now: 3946.
Memory consumption went from 123.6 MB to 123.5 MB.
Total: 9.697700 ms (FindLiveObjects: 0.590400 ms CreateObjectMapping: 0.497100 ms MarkObjects: 8.441100 ms  DeleteObjects: 0.166700 ms)

AssetImportParameters requested are different than current active one (requested -> active):
  custom:video-decoder-ogg-theora: a1e56fd34408186e4bbccfd4996cb3dc -> 
  custom:container-muxer-webm: aa71ff27fc2769a1b78a27578f13a17b -> 
  custom:container-demuxer-webm: 4f35f7cbe854078d1ac9338744f61a02 -> 
  custom:video-encoder-webm-vp8: eb34c28f22e8b96e1ab97ce403110664 -> 
  custom:audio-encoder-webm-vorbis: bf7c407c2cedff20999df2af8eb42d56 -> 
  custom:framework-win-MediaFoundation: 216162199b28c13a410421893ffa2e32 -> 
  custom:container-demuxer-ogg: 62fdf1f143b41e24485cea50d1cbac27 -> 
  custom:video-decoder-webm-vp8: 9c59270c3fd7afecdb556c50c9e8de78 -> 
  custom:audio-decoder-ogg-vorbis: bf7c407c2cedff20999df2af8eb42d56 -> 
========================================================================
Received Import Request.
  Time since last request: 263379.548792 seconds.
  path: Assets/Textures/news.png
  artifactKey: Guid(f04e7d6f765cfa14183699cc362ef055) Importer(815301076,1909f56bfc062723c751e8b465ee728b)
Start importing Assets/Textures/news.png using Guid(f04e7d6f765cfa14183699cc362ef055) Importer(815301076,1909f56bfc062723c751e8b465ee728b)  -> (artifact id: 'ca7901b30e85c644e0cb0a1d69edb6fb') in 0.222311 seconds 
========================================================================
Received Import Request.
  Time since last request: 91.570663 seconds.
  path: Assets/Textures/news.png
  artifactKey: Guid(f04e7d6f765cfa14183699cc362ef055) Importer(815301076,1909f56bfc062723c751e8b465ee728b)
Start importing Assets/Textures/news.png using Guid(f04e7d6f765cfa14183699cc362ef055) Importer(815301076,1909f56bfc062723c751e8b465ee728b)  -> (artifact id: '64b63799069a173fb57a92605a905fb5') in 0.302564 seconds 
========================================================================
Received Import Request.
  Time since last request: 346.374070 seconds.
  path: Assets/Materials/line.mat
  artifactKey: Guid(db980568f69466d4a9157c5bdb61f2fd) Importer(815301076,1909f56bfc062723c751e8b465ee728b)
Start importing Assets/Materials/line.mat using Guid(db980568f69466d4a9157c5bdb61f2fd) Importer(815301076,1909f56bfc062723c751e8b465ee728b)  -> (artifact id: '0ce68bdc241867c79bcffdc7df1296be') in 0.128106 seconds 
========================================================================
Received Import Request.
  Time since last request: 0.000055 seconds.
  path: Assets/Materials/wall.mat
  artifactKey: Guid(23e440159d74d6948ae1388d6e30e268) Importer(815301076,1909f56bfc062723c751e8b465ee728b)
Start importing Assets/Materials/wall.mat using Guid(23e440159d74d6948ae1388d6e30e268) Importer(815301076,1909f56bfc062723c751e8b465ee728b)  -> (artifact id: 'a68d7d263d57128d4058b2451218d841') in 0.046554 seconds 
========================================================================
Received Import Request.
  Time since last request: 3523.625971 seconds.
  path: ProjectSettings/TagManager.asset
  artifactKey: Guid(00000000000000003000000000000000) Importer(815301076,1909f56bfc062723c751e8b465ee728b)
Start importing ProjectSettings/TagManager.asset using Guid(00000000000000003000000000000000) Importer(815301076,1909f56bfc062723c751e8b465ee728b)  -> (artifact id: '060bf3685101dc24eba704723534301a') in 0.031433 seconds 
