Using pre-set license
Built from '2021.2/staging' branch; Version is '2021.2.3f1 (32358a8527b4) revision 3290506'; Using compiler version '192829333'; Build Type 'Release'
OS: 'Windows 10 Home Single Language; OS build 19043.1586; Version 2009; 64bit' Language: 'en' Physical Memory: 8042 MB
BatchMode: 1, IsHumanControllingUs: 0, StartBugReporterOnCrash: 0, Is64bit: 1, IsPro: 0

COMMAND LINE ARGUMENTS:
C:\Program Files\Unity 2021.2.3f1\Editor\Unity.exe
-adb2
-batchMode
-noUpm
-name
AssetImportWorker0
-projectPath
C:/Users/Harish/Desktop/MajorProject/unityProjects/project1/New Unity Project
-logFile
Logs/AssetImportWorker0.log
-srvPort
61239
Successfully changed project path to: C:/Users/Harish/Desktop/MajorProject/unityProjects/project1/New Unity Project
C:/Users/Harish/Desktop/MajorProject/unityProjects/project1/New Unity Project
[UnityMemory] Configuration Parameters - Can be set up in boot.config
    "memorysetup-bucket-allocator-granularity=16"
    "memorysetup-bucket-allocator-bucket-count=8"
    "memorysetup-bucket-allocator-block-size=33554432"
    "memorysetup-bucket-allocator-block-count=8"
    "memorysetup-main-allocator-block-size=16777216"
    "memorysetup-thread-allocator-block-size=16777216"
    "memorysetup-gfx-main-allocator-block-size=16777216"
    "memorysetup-gfx-thread-allocator-block-size=16777216"
    "memorysetup-cache-allocator-block-size=4194304"
    "memorysetup-typetree-allocator-block-size=2097152"
    "memorysetup-profiler-bucket-allocator-granularity=16"
    "memorysetup-profiler-bucket-allocator-bucket-count=8"
    "memorysetup-profiler-bucket-allocator-block-size=33554432"
    "memorysetup-profiler-bucket-allocator-block-count=8"
    "memorysetup-profiler-allocator-block-size=16777216"
    "memorysetup-profiler-editor-allocator-block-size=1048576"
    "memorysetup-temp-allocator-size-main=16777216"
    "memorysetup-job-temp-allocator-block-size=2097152"
    "memorysetup-job-temp-allocator-block-size-background=1048576"
    "memorysetup-job-temp-allocator-reduction-small-platforms=262144"
    "memorysetup-temp-allocator-size-background-worker=32768"
    "memorysetup-temp-allocator-size-job-worker=262144"
    "memorysetup-temp-allocator-size-preload-manager=33554432"
    "memorysetup-temp-allocator-size-nav-mesh-worker=65536"
    "memorysetup-temp-allocator-size-audio-worker=65536"
    "memorysetup-temp-allocator-size-cloud-worker=32768"
    "memorysetup-temp-allocator-size-gi-baking-worker=262144"
    "memorysetup-temp-allocator-size-gfx=262144"
Refreshing native plugins compatible for Editor in 152.31 ms, found 6 plugins.
Preloading 1 native plugins for Editor in 1.54 ms.
Initialize engine version: 2021.2.3f1 (32358a8527b4)
[Subsystems] Discovering subsystems at path C:/Program Files/Unity 2021.2.3f1/Editor/Data/Resources/UnitySubsystems
[Subsystems] Discovering subsystems at path C:/Users/Harish/Desktop/MajorProject/unityProjects/project1/New Unity Project/Assets
GfxDevice: creating device client; threaded=0; jobified=0
Direct3D:
    Version:  Direct3D 11.0 [level 11.0]
    Renderer: NVIDIA GeForce MX130 (ID=0x174d)
    Vendor:   NVIDIA
    VRAM:     2010 MB
    Driver:   24.21.13.9872
Initialize mono
Mono path[0] = 'C:/Program Files/Unity 2021.2.3f1/Editor/Data/Managed'
Mono path[1] = 'C:/Program Files/Unity 2021.2.3f1/Editor/Data/MonoBleedingEdge/lib/mono/unityjit-win32'
Mono config path = 'C:/Program Files/Unity 2021.2.3f1/Editor/Data/MonoBleedingEdge/etc'
Using monoOptions --debugger-agent=transport=dt_socket,embedding=1,server=y,suspend=n,address=127.0.0.1:56212
Begin MonoManager ReloadAssembly
Registering precompiled unity dll's ...
Register platform support module: C:/Program Files/Unity 2021.2.3f1/Editor/Data/PlaybackEngines/WindowsStandaloneSupport/UnityEditor.WindowsStandalone.Extensions.dll
Registered in 0.022607 seconds.
Native extension for WindowsStandalone target not found
Refreshing native plugins compatible for Editor in 318.33 ms, found 6 plugins.
Preloading 1 native plugins for Editor in 0.28 ms.
Mono: successfully reloaded assembly
- Completed reload, in  2.384 seconds
Domain Reload Profiling:
	ReloadAssembly (2386ms)
		BeginReloadAssembly (282ms)
			ExecutionOrderSort (0ms)
			DisableScriptedObjects (0ms)
			BackupInstance (0ms)
			ReleaseScriptingObjects (0ms)
			CreateAndSetChildDomain (2ms)
		EndReloadAssembly (1816ms)
			LoadAssemblies (274ms)
			RebuildTransferFunctionScriptingTraits (0ms)
			SetupTypeCache (420ms)
			ReleaseScriptCaches (0ms)
			RebuildScriptCaches (124ms)
			SetupLoadedEditorAssemblies (1022ms)
				LogAssemblyErrors (0ms)
				InitializePlatformSupportModulesInManaged (57ms)
				SetLoadedEditorAssemblies (1ms)
				RefreshPlugins (319ms)
				BeforeProcessingInitializeOnLoad (5ms)
				ProcessInitializeOnLoadAttributes (466ms)
				ProcessInitializeOnLoadMethodAttributes (174ms)
				AfterProcessingInitializeOnLoad (0ms)
				EditorAssembliesLoaded (0ms)
			ExecutionOrderSort2 (0ms)
			AwakeInstancesAfterBackupRestoration (0ms)
Platform modules already initialized, skipping
Registering precompiled user dll's ...
Registered in 0.031169 seconds.
Begin MonoManager ReloadAssembly
Native extension for WindowsStandalone target not found
Refreshing native plugins compatible for Editor in 2.49 ms, found 6 plugins.
Preloading 1 native plugins for Editor in 0.32 ms.
Package Manager log level set to [2]
System.Reflection.TargetInvocationException: Exception has been thrown by the target of an invocation. ---> System.NullReferenceException: Object reference not set to an instance of an object
  at Unity.XR.Oculus.OculusLoader.AssetPathToAbsolutePath (System.String assetPath) [0x0003d] in C:\Users\Harish\Desktop\MajorProject\unityProjects\project1\New Unity Project\Library\PackageCache\com.unity.xr.oculus@1.10.0\Runtime\OculusLoader.cs:250 
  at Unity.XR.Oculus.OculusLoader.EditorLoadOVRPlugin () [0x0007b] in C:\Users\Harish\Desktop\MajorProject\unityProjects\project1\New Unity Project\Library\PackageCache\com.unity.xr.oculus@1.10.0\Runtime\OculusLoader.cs:235 
  at (wrapper managed-to-native) System.Reflection.RuntimeMethodInfo.InternalInvoke(System.Reflection.RuntimeMethodInfo,object,object[],System.Exception&)
  at System.Reflection.RuntimeMethodInfo.Invoke (System.Object obj, System.Reflection.BindingFlags invokeAttr, System.Reflection.Binder binder, System.Object[] parameters, System.Globalization.CultureInfo culture) [0x0006a] in <00c558282d074245ab3496e2d108079b>:0 
   --- End of inner exception stack trace ---
  at System.Reflection.RuntimeMethodInfo.Invoke (System.Object obj, System.Reflection.BindingFlags invokeAttr, System.Reflection.Binder binder, System.Object[] parameters, System.Globalization.CultureInfo culture) [0x00083] in <00c558282d074245ab3496e2d108079b>:0 
  at System.Reflection.MethodBase.Invoke (System.Object obj, System.Object[] parameters) [0x00000] in <00c558282d074245ab3496e2d108079b>:0 
  at UnityEditor.EditorAssemblies.ProcessInitializeOnLoadMethodAttributes () [0x000a5] in <ba030cc3475e41258f58c8c467eb72e2>:0 
UnityEngine.StackTraceUtility:ExtractStackTrace ()
UnityEngine.DebugLogHandler:LogFormat (UnityEngine.LogType,UnityEngine.Object,string,object[])
UnityEngine.Logger:Log (UnityEngine.LogType,object)
UnityEngine.Debug:LogError (object)
UnityEditor.EditorAssemblies:ProcessInitializeOnLoadMethodAttributes ()

Mono: successfully reloaded assembly
- Completed reload, in  4.617 seconds
Domain Reload Profiling:
	ReloadAssembly (4620ms)
		BeginReloadAssembly (769ms)
			ExecutionOrderSort (0ms)
			DisableScriptedObjects (28ms)
			BackupInstance (0ms)
			ReleaseScriptingObjects (0ms)
			CreateAndSetChildDomain (59ms)
		EndReloadAssembly (3437ms)
			LoadAssemblies (315ms)
			RebuildTransferFunctionScriptingTraits (0ms)
			SetupTypeCache (970ms)
			ReleaseScriptCaches (2ms)
			RebuildScriptCaches (224ms)
			SetupLoadedEditorAssemblies (1473ms)
				LogAssemblyErrors (0ms)
				InitializePlatformSupportModulesInManaged (42ms)
				SetLoadedEditorAssemblies (2ms)
				RefreshPlugins (3ms)
				BeforeProcessingInitializeOnLoad (365ms)
				ProcessInitializeOnLoadAttributes (902ms)
				ProcessInitializeOnLoadMethodAttributes (121ms)
				AfterProcessingInitializeOnLoad (37ms)
				EditorAssembliesLoaded (1ms)
			ExecutionOrderSort2 (0ms)
			AwakeInstancesAfterBackupRestoration (32ms)
Platform modules already initialized, skipping
========================================================================
Worker process is ready to serve import requests
Launched and connected shader compiler UnityShaderCompiler.exe after 0.17 seconds
Refreshing native plugins compatible for Editor in 1.76 ms, found 6 plugins.
Preloading 1 native plugins for Editor in 0.29 ms.
Unloading 3483 Unused Serialized files (Serialized files now loaded: 0)
Unloading 26 unused Assets / (74.1 KB). Loaded Objects now: 3940.
Memory consumption went from 123.4 MB to 123.3 MB.
Total: 9.227500 ms (FindLiveObjects: 0.655200 ms CreateObjectMapping: 0.520200 ms MarkObjects: 7.809200 ms  DeleteObjects: 0.239900 ms)

AssetImportParameters requested are different than current active one (requested -> active):
  custom:video-decoder-ogg-theora: a1e56fd34408186e4bbccfd4996cb3dc -> 
  custom:container-muxer-webm: aa71ff27fc2769a1b78a27578f13a17b -> 
  custom:container-demuxer-webm: 4f35f7cbe854078d1ac9338744f61a02 -> 
  custom:video-encoder-webm-vp8: eb34c28f22e8b96e1ab97ce403110664 -> 
  custom:audio-encoder-webm-vorbis: bf7c407c2cedff20999df2af8eb42d56 -> 
  custom:framework-win-MediaFoundation: 216162199b28c13a410421893ffa2e32 -> 
  custom:container-demuxer-ogg: 62fdf1f143b41e24485cea50d1cbac27 -> 
  custom:video-decoder-webm-vp8: 9c59270c3fd7afecdb556c50c9e8de78 -> 
  custom:audio-decoder-ogg-vorbis: bf7c407c2cedff20999df2af8eb42d56 -> 
========================================================================
Received Import Request.
  Time since last request: 210458.695827 seconds.
  path: Assets/XR/XRGeneralSettings.asset
  artifactKey: Guid(e10222d76d1b1e64dbcc3e58e3bf65d7) Importer(815301076,1909f56bfc062723c751e8b465ee728b)
Start importing Assets/XR/XRGeneralSettings.asset using Guid(e10222d76d1b1e64dbcc3e58e3bf65d7) Importer(815301076,1909f56bfc062723c751e8b465ee728b)  -> (artifact id: '64c6a7e1c1114b6c82448ab722bab751') in 0.136162 seconds 
========================================================================
Received Import Request.
  Time since last request: 1145.088744 seconds.
  path: Assets/Scenes
  artifactKey: Guid(7c18ec3885c186d4096ae7621454a665) Importer(815301076,1909f56bfc062723c751e8b465ee728b)
Start importing Assets/Scenes using Guid(7c18ec3885c186d4096ae7621454a665) Importer(815301076,1909f56bfc062723c751e8b465ee728b)  -> (artifact id: '6fd0612532db3c46a90454f583aea4ae') in 0.021402 seconds 
========================================================================
Received Prepare
Registering precompiled user dll's ...
Registered in 0.020537 seconds.
Begin MonoManager ReloadAssembly
Native extension for WindowsStandalone target not found
Refreshing native plugins compatible for Editor in 2.41 ms, found 6 plugins.
Preloading 1 native plugins for Editor in 0.32 ms.
System.Reflection.TargetInvocationException: Exception has been thrown by the target of an invocation. ---> System.NullReferenceException: Object reference not set to an instance of an object
  at Unity.XR.Oculus.OculusLoader.AssetPathToAbsolutePath (System.String assetPath) [0x0003d] in C:\Users\Harish\Desktop\MajorProject\unityProjects\project1\New Unity Project\Library\PackageCache\com.unity.xr.oculus@1.10.0\Runtime\OculusLoader.cs:250 
  at Unity.XR.Oculus.OculusLoader.EditorLoadOVRPlugin () [0x0007b] in C:\Users\Harish\Desktop\MajorProject\unityProjects\project1\New Unity Project\Library\PackageCache\com.unity.xr.oculus@1.10.0\Runtime\OculusLoader.cs:235 
  at (wrapper managed-to-native) System.Reflection.RuntimeMethodInfo.InternalInvoke(System.Reflection.RuntimeMethodInfo,object,object[],System.Exception&)
  at System.Reflection.RuntimeMethodInfo.Invoke (System.Object obj, System.Reflection.BindingFlags invokeAttr, System.Reflection.Binder binder, System.Object[] parameters, System.Globalization.CultureInfo culture) [0x0006a] in <00c558282d074245ab3496e2d108079b>:0 
   --- End of inner exception stack trace ---
  at System.Reflection.RuntimeMethodInfo.Invoke (System.Object obj, System.Reflection.BindingFlags invokeAttr, System.Reflection.Binder binder, System.Object[] parameters, System.Globalization.CultureInfo culture) [0x00083] in <00c558282d074245ab3496e2d108079b>:0 
  at System.Reflection.MethodBase.Invoke (System.Object obj, System.Object[] parameters) [0x00000] in <00c558282d074245ab3496e2d108079b>:0 
  at UnityEditor.EditorAssemblies.ProcessInitializeOnLoadMethodAttributes () [0x000a5] in <ba030cc3475e41258f58c8c467eb72e2>:0 
UnityEngine.StackTraceUtility:ExtractStackTrace ()
UnityEngine.DebugLogHandler:LogFormat (UnityEngine.LogType,UnityEngine.Object,string,object[])
UnityEngine.Logger:Log (UnityEngine.LogType,object)
UnityEngine.Debug:LogError (object)
UnityEditor.EditorAssemblies:ProcessInitializeOnLoadMethodAttributes ()

Mono: successfully reloaded assembly
- Completed reload, in  3.822 seconds
Domain Reload Profiling:
	ReloadAssembly (3823ms)
		BeginReloadAssembly (410ms)
			ExecutionOrderSort (0ms)
			DisableScriptedObjects (15ms)
			BackupInstance (0ms)
			ReleaseScriptingObjects (0ms)
			CreateAndSetChildDomain (83ms)
		EndReloadAssembly (3000ms)
			LoadAssemblies (338ms)
			RebuildTransferFunctionScriptingTraits (0ms)
			SetupTypeCache (958ms)
			ReleaseScriptCaches (3ms)
			RebuildScriptCaches (167ms)
			SetupLoadedEditorAssemblies (1063ms)
				LogAssemblyErrors (0ms)
				InitializePlatformSupportModulesInManaged (43ms)
				SetLoadedEditorAssemblies (2ms)
				RefreshPlugins (3ms)
				BeforeProcessingInitializeOnLoad (229ms)
				ProcessInitializeOnLoadAttributes (635ms)
				ProcessInitializeOnLoadMethodAttributes (122ms)
				AfterProcessingInitializeOnLoad (28ms)
				EditorAssembliesLoaded (1ms)
			ExecutionOrderSort2 (0ms)
			AwakeInstancesAfterBackupRestoration (26ms)
Platform modules already initialized, skipping
Switching build target platform(19) subTarget(0) extendedPlatform(0) -> platform(13) subTarget(0) extendedPlatform(0)
Refreshing native plugins compatible for Editor in 1.50 ms, found 6 plugins.
Preloading 1 native plugins for Editor in 0.28 ms.
Unloading 3464 Unused Serialized files (Serialized files now loaded: 0)
Unloading 21 unused Assets / (42.2 KB). Loaded Objects now: 3943.
Memory consumption went from 122.8 MB to 122.7 MB.
Total: 9.432000 ms (FindLiveObjects: 0.897600 ms CreateObjectMapping: 0.677100 ms MarkObjects: 7.731400 ms  DeleteObjects: 0.123400 ms)

AssetImportParameters requested are different than current active one (requested -> active):
  custom:video-decoder-ogg-theora: a1e56fd34408186e4bbccfd4996cb3dc -> 
  custom:container-muxer-webm: aa71ff27fc2769a1b78a27578f13a17b -> 
  custom:container-demuxer-webm: 4f35f7cbe854078d1ac9338744f61a02 -> 
  custom:video-encoder-webm-vp8: eb34c28f22e8b96e1ab97ce403110664 -> 
  custom:audio-encoder-webm-vorbis: bf7c407c2cedff20999df2af8eb42d56 -> 
  custom:framework-win-MediaFoundation: 216162199b28c13a410421893ffa2e32 -> 
  custom:container-demuxer-ogg: 62fdf1f143b41e24485cea50d1cbac27 -> 
  custom:video-decoder-webm-vp8: 9c59270c3fd7afecdb556c50c9e8de78 -> 
  custom:audio-decoder-ogg-vorbis: bf7c407c2cedff20999df2af8eb42d56 -> 
========================================================================
Received Import Request.
  Time since last request: 146.986916 seconds.
  path: Assets/Scenes/New Scene.unity
  artifactKey: Guid(5d0ebe14d3303f74bb13fd470b4882d5) Importer(815301076,1909f56bfc062723c751e8b465ee728b)
Start importing Assets/Scenes/New Scene.unity using Guid(5d0ebe14d3303f74bb13fd470b4882d5) Importer(815301076,1909f56bfc062723c751e8b465ee728b)  -> (artifact id: '9a0ec55eaa40706330f2e0d6ff1734e2') in 0.049994 seconds 
========================================================================
Received Import Request.
  Time since last request: 227.559914 seconds.
  path: Assets/Textures/news.png
  artifactKey: Guid(3b7f16f8458ee5d48b5b99a4ae78af5c) Importer(815301076,1909f56bfc062723c751e8b465ee728b)
Start importing Assets/Textures/news.png using Guid(3b7f16f8458ee5d48b5b99a4ae78af5c) Importer(815301076,1909f56bfc062723c751e8b465ee728b)  -> (artifact id: 'a38133b922f70be0d28d6c58b4460a02') in 0.308311 seconds 
========================================================================
Received Import Request.
  Time since last request: 49.141226 seconds.
  path: Assets/Textures/news.png
  artifactKey: Guid(3b7f16f8458ee5d48b5b99a4ae78af5c) Importer(815301076,1909f56bfc062723c751e8b465ee728b)
Start importing Assets/Textures/news.png using Guid(3b7f16f8458ee5d48b5b99a4ae78af5c) Importer(815301076,1909f56bfc062723c751e8b465ee728b)  -> (artifact id: 'f378fef900a2595cc71442144cc507c2') in 0.249500 seconds 
========================================================================
Received Import Request.
  Time since last request: 167.404422 seconds.
  path: Assets
  artifactKey: Guid(00000000000000001000000000000000) Importer(815301076,1909f56bfc062723c751e8b465ee728b)
Start importing Assets using Guid(00000000000000001000000000000000) Importer(815301076,1909f56bfc062723c751e8b465ee728b)  -> (artifact id: '79842766b460edbeab6a34051e857a80') in 0.038598 seconds 
========================================================================
Received Import Request.
  Time since last request: 6.870515 seconds.
  path: Assets/Materials
  artifactKey: Guid(5ac11e25283fe574e83c18cc4c6f61e0) Importer(815301076,1909f56bfc062723c751e8b465ee728b)
Start importing Assets/Materials using Guid(5ac11e25283fe574e83c18cc4c6f61e0) Importer(815301076,1909f56bfc062723c751e8b465ee728b)  -> (artifact id: '47ab5c209434c9f68198ebd5fe5df9ac') in 0.014375 seconds 
========================================================================
Received Import Request.
  Time since last request: 2.439452 seconds.
  path: Assets/new1scene.unity
  artifactKey: Guid(a1e7dc6068e19c147bc801510badd383) Importer(815301076,1909f56bfc062723c751e8b465ee728b)
Start importing Assets/new1scene.unity using Guid(a1e7dc6068e19c147bc801510badd383) Importer(815301076,1909f56bfc062723c751e8b465ee728b)  -> (artifact id: '9059fb495cc3efb363904455600a8d51') in 0.033377 seconds 
========================================================================
Received Import Request.
  Time since last request: 21.590747 seconds.
  path: Assets/Materials/New Material.mat
  artifactKey: Guid(60219488253fca54dbe91451495befc7) Importer(815301076,1909f56bfc062723c751e8b465ee728b)
Start importing Assets/Materials/New Material.mat using Guid(60219488253fca54dbe91451495befc7) Importer(815301076,1909f56bfc062723c751e8b465ee728b)  -> (artifact id: 'aa8379e334cb0dbdb5d657c6ea00c23f') in 0.525049 seconds 
========================================================================
Received Import Request.
  Time since last request: 29.480529 seconds.
  path: Assets/Materials/Floor.mat
  artifactKey: Guid(60219488253fca54dbe91451495befc7) Importer(815301076,1909f56bfc062723c751e8b465ee728b)
Start importing Assets/Materials/Floor.mat using Guid(60219488253fca54dbe91451495befc7) Importer(815301076,1909f56bfc062723c751e8b465ee728b)  -> (artifact id: 'e38dedfe9a645193321fb0d151998e72') in 0.059491 seconds 
========================================================================
Received Import Request.
  Time since last request: 162.736781 seconds.
  path: Assets/Textures/news 1.png
  artifactKey: Guid(41029f0665f65e34484bee30cb9faebb) Importer(815301076,1909f56bfc062723c751e8b465ee728b)
Start importing Assets/Textures/news 1.png using Guid(41029f0665f65e34484bee30cb9faebb) Importer(815301076,1909f56bfc062723c751e8b465ee728b)  -> (artifact id: 'a887b237a52078c2e32c9a60ac3a7a38') in 0.134049 seconds 
========================================================================
Received Import Request.
  Time since last request: 1563.908789 seconds.
  path: Assets/Materials/Floor.mat
  artifactKey: Guid(60219488253fca54dbe91451495befc7) Importer(815301076,1909f56bfc062723c751e8b465ee728b)
Start importing Assets/Materials/Floor.mat using Guid(60219488253fca54dbe91451495befc7) Importer(815301076,1909f56bfc062723c751e8b465ee728b)  -> (artifact id: '5ecb121c1c96fb88572bd0ddb5463736') in 0.053803 seconds 
========================================================================
Received Import Request.
  Time since last request: 2003.747593 seconds.
  path: Assets/Materials/wall.mat
  artifactKey: Guid(23e440159d74d6948ae1388d6e30e268) Importer(815301076,1909f56bfc062723c751e8b465ee728b)
Start importing Assets/Materials/wall.mat using Guid(23e440159d74d6948ae1388d6e30e268) Importer(815301076,1909f56bfc062723c751e8b465ee728b)  -> (artifact id: '3e0e4b68e131a1cbb329a363c46499f2') in 0.067566 seconds 
========================================================================
Received Import Request.
  Time since last request: 915.994064 seconds.
  path: Assets/Materials/New Material.mat
  artifactKey: Guid(e7f99123de278884cb98935c422af37c) Importer(815301076,1909f56bfc062723c751e8b465ee728b)
Start importing Assets/Materials/New Material.mat using Guid(e7f99123de278884cb98935c422af37c) Importer(815301076,1909f56bfc062723c751e8b465ee728b)  -> (artifact id: '30cf1c0862ec828818723f022c52ab1b') in 0.049846 seconds 
========================================================================
Received Import Request.
  Time since last request: 49.055584 seconds.
  path: Assets/Materials/targetMateral.mat
  artifactKey: Guid(e7f99123de278884cb98935c422af37c) Importer(815301076,1909f56bfc062723c751e8b465ee728b)
Start importing Assets/Materials/targetMateral.mat using Guid(e7f99123de278884cb98935c422af37c) Importer(815301076,1909f56bfc062723c751e8b465ee728b)  -> (artifact id: 'fe20bb621e238f08b50a37b91711e947') in 0.038026 seconds 
========================================================================
Received Import Request.
  Time since last request: 189.516635 seconds.
  path: Assets/Materials/New Material.mat
  artifactKey: Guid(51b9c70ab0e2a1348824a9b2246ad8d0) Importer(815301076,1909f56bfc062723c751e8b465ee728b)
Start importing Assets/Materials/New Material.mat using Guid(51b9c70ab0e2a1348824a9b2246ad8d0) Importer(815301076,1909f56bfc062723c751e8b465ee728b)  -> (artifact id: 'd9a5a610ee82f2262abf8e23f64201c1') in 0.016252 seconds 
========================================================================
Received Import Request.
  Time since last request: 41.385667 seconds.
  path: Assets/Materials/indicator.mat
  artifactKey: Guid(51b9c70ab0e2a1348824a9b2246ad8d0) Importer(815301076,1909f56bfc062723c751e8b465ee728b)
Start importing Assets/Materials/indicator.mat using Guid(51b9c70ab0e2a1348824a9b2246ad8d0) Importer(815301076,1909f56bfc062723c751e8b465ee728b)  -> (artifact id: '42c5cb291110f7f2600cdabe4f7dbca8') in 0.025002 seconds 
========================================================================
Received Import Request.
  Time since last request: 315.726969 seconds.
  path: Assets/Materials/New Material.mat
  artifactKey: Guid(db980568f69466d4a9157c5bdb61f2fd) Importer(815301076,1909f56bfc062723c751e8b465ee728b)
Start importing Assets/Materials/New Material.mat using Guid(db980568f69466d4a9157c5bdb61f2fd) Importer(815301076,1909f56bfc062723c751e8b465ee728b)  -> (artifact id: 'fc38972e5f959b1311eea8c523173a4c') in 0.030162 seconds 
========================================================================
Received Import Request.
  Time since last request: 53.849357 seconds.
  path: Assets/Materials/line.mat
  artifactKey: Guid(db980568f69466d4a9157c5bdb61f2fd) Importer(815301076,1909f56bfc062723c751e8b465ee728b)
Start importing Assets/Materials/line.mat using Guid(db980568f69466d4a9157c5bdb61f2fd) Importer(815301076,1909f56bfc062723c751e8b465ee728b)  -> (artifact id: 'c5f881acc6e6894160dcc5e8f2850a37') in 0.019111 seconds 
========================================================================
Received Import Request.
  Time since last request: 594.752029 seconds.
  path: Assets/renderTextures
  artifactKey: Guid(b9a2e1e701b505e4fa54966cb2f10c0a) Importer(815301076,1909f56bfc062723c751e8b465ee728b)
Start importing Assets/renderTextures using Guid(b9a2e1e701b505e4fa54966cb2f10c0a) Importer(815301076,1909f56bfc062723c751e8b465ee728b)  -> (artifact id: '8d7de51d0e018f11ea98787db7a73311') in 0.009708 seconds 
========================================================================
Received Import Request.
  Time since last request: 10.948543 seconds.
  path: Assets/renderTextures/MiniMap.renderTexture
  artifactKey: Guid(29aa357a11d90e34181c0d8e1083a114) Importer(815301076,1909f56bfc062723c751e8b465ee728b)
Start importing Assets/renderTextures/MiniMap.renderTexture using Guid(29aa357a11d90e34181c0d8e1083a114) Importer(815301076,1909f56bfc062723c751e8b465ee728b)  -> (artifact id: 'a2920948f3d9117a6ecea2f534782f79') in 0.049687 seconds 
========================================================================
Received Import Request.
  Time since last request: 44.965513 seconds.
  path: Assets/renderTextures/topDownObject.prefab
  artifactKey: Guid(be587ddb419fa2c4c8b2c558ed6f8b61) Importer(815301076,1909f56bfc062723c751e8b465ee728b)
Start importing Assets/renderTextures/topDownObject.prefab using Guid(be587ddb419fa2c4c8b2c558ed6f8b61) Importer(815301076,1909f56bfc062723c751e8b465ee728b)  -> (artifact id: 'ba24bb1153e5f2d4874f489bc428df2f') in 0.027151 seconds 
========================================================================
Received Import Request.
  Time since last request: 229.493340 seconds.
  path: ProjectSettings/TagManager.asset
  artifactKey: Guid(00000000000000003000000000000000) Importer(815301076,1909f56bfc062723c751e8b465ee728b)
Start importing ProjectSettings/TagManager.asset using Guid(00000000000000003000000000000000) Importer(815301076,1909f56bfc062723c751e8b465ee728b)  -> (artifact id: '5f74b9f0782f3ffe8a654b2b60a9f33c') in 0.008694 seconds 
========================================================================
Received Import Request.
  Time since last request: 827.012273 seconds.
  path: Assets/Scrpits
  artifactKey: Guid(96e2ab234447bfa4db54cf9d04e3dd6c) Importer(815301076,1909f56bfc062723c751e8b465ee728b)
Start importing Assets/Scrpits using Guid(96e2ab234447bfa4db54cf9d04e3dd6c) Importer(815301076,1909f56bfc062723c751e8b465ee728b)  -> (artifact id: '75a0edc9a7edf9409541ba571503928a') in 0.007984 seconds 
========================================================================
Received Prepare
Registering precompiled user dll's ...
Registered in 0.010716 seconds.
Begin MonoManager ReloadAssembly
Native extension for WindowsStandalone target not found
Refreshing native plugins compatible for Editor in 1.17 ms, found 6 plugins.
Preloading 1 native plugins for Editor in 0.12 ms.
System.Reflection.TargetInvocationException: Exception has been thrown by the target of an invocation. ---> System.NullReferenceException: Object reference not set to an instance of an object
  at Unity.XR.Oculus.OculusLoader.AssetPathToAbsolutePath (System.String assetPath) [0x0003d] in C:\Users\Harish\Desktop\MajorProject\unityProjects\project1\New Unity Project\Library\PackageCache\com.unity.xr.oculus@1.10.0\Runtime\OculusLoader.cs:250 
  at Unity.XR.Oculus.OculusLoader.EditorLoadOVRPlugin () [0x0007b] in C:\Users\Harish\Desktop\MajorProject\unityProjects\project1\New Unity Project\Library\PackageCache\com.unity.xr.oculus@1.10.0\Runtime\OculusLoader.cs:235 
  at (wrapper managed-to-native) System.Reflection.RuntimeMethodInfo.InternalInvoke(System.Reflection.RuntimeMethodInfo,object,object[],System.Exception&)
  at System.Reflection.RuntimeMethodInfo.Invoke (System.Object obj, System.Reflection.BindingFlags invokeAttr, System.Reflection.Binder binder, System.Object[] parameters, System.Globalization.CultureInfo culture) [0x0006a] in <00c558282d074245ab3496e2d108079b>:0 
   --- End of inner exception stack trace ---
  at System.Reflection.RuntimeMethodInfo.Invoke (System.Object obj, System.Reflection.BindingFlags invokeAttr, System.Reflection.Binder binder, System.Object[] parameters, System.Globalization.CultureInfo culture) [0x00083] in <00c558282d074245ab3496e2d108079b>:0 
  at System.Reflection.MethodBase.Invoke (System.Object obj, System.Object[] parameters) [0x00000] in <00c558282d074245ab3496e2d108079b>:0 
  at UnityEditor.EditorAssemblies.ProcessInitializeOnLoadMethodAttributes () [0x000a5] in <ba030cc3475e41258f58c8c467eb72e2>:0 
UnityEngine.StackTraceUtility:ExtractStackTrace ()
UnityEngine.DebugLogHandler:LogFormat (UnityEngine.LogType,UnityEngine.Object,string,object[])
UnityEngine.Logger:Log (UnityEngine.LogType,object)
UnityEngine.Debug:LogError (object)
UnityEditor.EditorAssemblies:ProcessInitializeOnLoadMethodAttributes ()

Mono: successfully reloaded assembly
- Completed reload, in  1.383 seconds
Domain Reload Profiling:
	ReloadAssembly (1384ms)
		BeginReloadAssembly (276ms)
			ExecutionOrderSort (0ms)
			DisableScriptedObjects (10ms)
			BackupInstance (0ms)
			ReleaseScriptingObjects (0ms)
			CreateAndSetChildDomain (124ms)
		EndReloadAssembly (970ms)
			LoadAssemblies (113ms)
			RebuildTransferFunctionScriptingTraits (0ms)
			SetupTypeCache (296ms)
			ReleaseScriptCaches (1ms)
			RebuildScriptCaches (42ms)
			SetupLoadedEditorAssemblies (364ms)
				LogAssemblyErrors (0ms)
				InitializePlatformSupportModulesInManaged (19ms)
				SetLoadedEditorAssemblies (1ms)
				RefreshPlugins (1ms)
				BeforeProcessingInitializeOnLoad (79ms)
				ProcessInitializeOnLoadAttributes (219ms)
				ProcessInitializeOnLoadMethodAttributes (33ms)
				AfterProcessingInitializeOnLoad (10ms)
				EditorAssembliesLoaded (0ms)
			ExecutionOrderSort2 (0ms)
			AwakeInstancesAfterBackupRestoration (17ms)
Platform modules already initialized, skipping
Switching build target platform(19) subTarget(0) extendedPlatform(0) -> platform(13) subTarget(0) extendedPlatform(0)
Refreshing native plugins compatible for Editor in 0.74 ms, found 6 plugins.
Preloading 1 native plugins for Editor in 0.09 ms.
Unloading 3467 Unused Serialized files (Serialized files now loaded: 0)
Unloading 22 unused Assets / (41.2 KB). Loaded Objects now: 4051.
Memory consumption went from 129.2 MB to 129.2 MB.
Total: 3.607100 ms (FindLiveObjects: 0.334200 ms CreateObjectMapping: 0.218700 ms MarkObjects: 2.960600 ms  DeleteObjects: 0.092500 ms)

AssetImportParameters requested are different than current active one (requested -> active):
  custom:video-decoder-ogg-theora: a1e56fd34408186e4bbccfd4996cb3dc -> 
  custom:container-muxer-webm: aa71ff27fc2769a1b78a27578f13a17b -> 
  custom:container-demuxer-webm: 4f35f7cbe854078d1ac9338744f61a02 -> 
  custom:video-encoder-webm-vp8: eb34c28f22e8b96e1ab97ce403110664 -> 
  custom:audio-encoder-webm-vorbis: bf7c407c2cedff20999df2af8eb42d56 -> 
  custom:framework-win-MediaFoundation: 216162199b28c13a410421893ffa2e32 -> 
  custom:container-demuxer-ogg: 62fdf1f143b41e24485cea50d1cbac27 -> 
  custom:video-decoder-webm-vp8: 9c59270c3fd7afecdb556c50c9e8de78 -> 
  custom:audio-decoder-ogg-vorbis: bf7c407c2cedff20999df2af8eb42d56 -> 
========================================================================
Received Import Request.
  Time since last request: 73.126839 seconds.
  path: Assets/Scrpits/SetNavigationTarget.cs
  artifactKey: Guid(d697be5685179f9449ebf9170d21f219) Importer(815301076,1909f56bfc062723c751e8b465ee728b)
Start importing Assets/Scrpits/SetNavigationTarget.cs using Guid(d697be5685179f9449ebf9170d21f219) Importer(815301076,1909f56bfc062723c751e8b465ee728b)  -> (artifact id: '6984bc7829c0aec39c3cd8cb462884fa') in 0.017107 seconds 
========================================================================
Received Prepare
Registering precompiled user dll's ...
Registered in 0.008593 seconds.
Begin MonoManager ReloadAssembly
Native extension for WindowsStandalone target not found
Refreshing native plugins compatible for Editor in 0.74 ms, found 6 plugins.
Preloading 1 native plugins for Editor in 0.10 ms.
System.Reflection.TargetInvocationException: Exception has been thrown by the target of an invocation. ---> System.NullReferenceException: Object reference not set to an instance of an object
  at Unity.XR.Oculus.OculusLoader.AssetPathToAbsolutePath (System.String assetPath) [0x0003d] in C:\Users\Harish\Desktop\MajorProject\unityProjects\project1\New Unity Project\Library\PackageCache\com.unity.xr.oculus@1.10.0\Runtime\OculusLoader.cs:250 
  at Unity.XR.Oculus.OculusLoader.EditorLoadOVRPlugin () [0x0007b] in C:\Users\Harish\Desktop\MajorProject\unityProjects\project1\New Unity Project\Library\PackageCache\com.unity.xr.oculus@1.10.0\Runtime\OculusLoader.cs:235 
  at (wrapper managed-to-native) System.Reflection.RuntimeMethodInfo.InternalInvoke(System.Reflection.RuntimeMethodInfo,object,object[],System.Exception&)
  at System.Reflection.RuntimeMethodInfo.Invoke (System.Object obj, System.Reflection.BindingFlags invokeAttr, System.Reflection.Binder binder, System.Object[] parameters, System.Globalization.CultureInfo culture) [0x0006a] in <00c558282d074245ab3496e2d108079b>:0 
   --- End of inner exception stack trace ---
  at System.Reflection.RuntimeMethodInfo.Invoke (System.Object obj, System.Reflection.BindingFlags invokeAttr, System.Reflection.Binder binder, System.Object[] parameters, System.Globalization.CultureInfo culture) [0x00083] in <00c558282d074245ab3496e2d108079b>:0 
  at System.Reflection.MethodBase.Invoke (System.Object obj, System.Object[] parameters) [0x00000] in <00c558282d074245ab3496e2d108079b>:0 
  at UnityEditor.EditorAssemblies.ProcessInitializeOnLoadMethodAttributes () [0x000a5] in <ba030cc3475e41258f58c8c467eb72e2>:0 
UnityEngine.StackTraceUtility:ExtractStackTrace ()
UnityEngine.DebugLogHandler:LogFormat (UnityEngine.LogType,UnityEngine.Object,string,object[])
UnityEngine.Logger:Log (UnityEngine.LogType,object)
UnityEngine.Debug:LogError (object)
UnityEditor.EditorAssemblies:ProcessInitializeOnLoadMethodAttributes ()

Mono: successfully reloaded assembly
- Completed reload, in  1.295 seconds
Domain Reload Profiling:
	ReloadAssembly (1295ms)
		BeginReloadAssembly (153ms)
			ExecutionOrderSort (0ms)
			DisableScriptedObjects (7ms)
			BackupInstance (0ms)
			ReleaseScriptingObjects (0ms)
			CreateAndSetChildDomain (35ms)
		EndReloadAssembly (1018ms)
			LoadAssemblies (100ms)
			RebuildTransferFunctionScriptingTraits (0ms)
			SetupTypeCache (330ms)
			ReleaseScriptCaches (1ms)
			RebuildScriptCaches (44ms)
			SetupLoadedEditorAssemblies (382ms)
				LogAssemblyErrors (0ms)
				InitializePlatformSupportModulesInManaged (14ms)
				SetLoadedEditorAssemblies (1ms)
				RefreshPlugins (1ms)
				BeforeProcessingInitializeOnLoad (84ms)
				ProcessInitializeOnLoadAttributes (226ms)
				ProcessInitializeOnLoadMethodAttributes (45ms)
				AfterProcessingInitializeOnLoad (10ms)
				EditorAssembliesLoaded (0ms)
			ExecutionOrderSort2 (0ms)
			AwakeInstancesAfterBackupRestoration (16ms)
Platform modules already initialized, skipping
Switching build target platform(19) subTarget(0) extendedPlatform(0) -> platform(13) subTarget(0) extendedPlatform(0)
Refreshing native plugins compatible for Editor in 0.99 ms, found 6 plugins.
Preloading 1 native plugins for Editor in 0.09 ms.
Unloading 3465 Unused Serialized files (Serialized files now loaded: 0)
Unloading 21 unused Assets / (41.1 KB). Loaded Objects now: 4054.
Memory consumption went from 129.2 MB to 129.1 MB.
Total: 3.273800 ms (FindLiveObjects: 0.326500 ms CreateObjectMapping: 0.199200 ms MarkObjects: 2.693000 ms  DeleteObjects: 0.054200 ms)

AssetImportParameters requested are different than current active one (requested -> active):
  custom:video-decoder-ogg-theora: a1e56fd34408186e4bbccfd4996cb3dc -> 
  custom:container-muxer-webm: aa71ff27fc2769a1b78a27578f13a17b -> 
  custom:container-demuxer-webm: 4f35f7cbe854078d1ac9338744f61a02 -> 
  custom:video-encoder-webm-vp8: eb34c28f22e8b96e1ab97ce403110664 -> 
  custom:audio-encoder-webm-vorbis: bf7c407c2cedff20999df2af8eb42d56 -> 
  custom:framework-win-MediaFoundation: 216162199b28c13a410421893ffa2e32 -> 
  custom:container-demuxer-ogg: 62fdf1f143b41e24485cea50d1cbac27 -> 
  custom:video-decoder-webm-vp8: 9c59270c3fd7afecdb556c50c9e8de78 -> 
  custom:audio-decoder-ogg-vorbis: bf7c407c2cedff20999df2af8eb42d56 -> 
========================================================================
Received Import Request.
  Time since last request: 425.114168 seconds.
  path: Assets/Scrpits/SetNavigationTarget.cs
  artifactKey: Guid(d697be5685179f9449ebf9170d21f219) Importer(815301076,1909f56bfc062723c751e8b465ee728b)
Start importing Assets/Scrpits/SetNavigationTarget.cs using Guid(d697be5685179f9449ebf9170d21f219) Importer(815301076,1909f56bfc062723c751e8b465ee728b)  -> (artifact id: '99788c1b26cfddc1bd9a43571a4e7b85') in 0.011377 seconds 
========================================================================
Received Import Request.
  Time since last request: 306.971726 seconds.
  path: Assets/Scrpits/SetNavigationTarget.cs
  artifactKey: Guid(d697be5685179f9449ebf9170d21f219) Importer(815301076,1909f56bfc062723c751e8b465ee728b)
Start importing Assets/Scrpits/SetNavigationTarget.cs using Guid(d697be5685179f9449ebf9170d21f219) Importer(815301076,1909f56bfc062723c751e8b465ee728b)  -> (artifact id: '350723567bce6441aacaa51baa479260') in 0.003943 seconds 
========================================================================
Received Import Request.
  Time since last request: 346.861693 seconds.
  path: Assets/Scrpits/SetNavigationTarget.cs
  artifactKey: Guid(d697be5685179f9449ebf9170d21f219) Importer(815301076,1909f56bfc062723c751e8b465ee728b)
Start importing Assets/Scrpits/SetNavigationTarget.cs using Guid(d697be5685179f9449ebf9170d21f219) Importer(815301076,1909f56bfc062723c751e8b465ee728b)  -> (artifact id: 'b0af0ae53a0d73cc5b4e13f84134b74e') in 0.004566 seconds 
========================================================================
Received Import Request.
  Time since last request: 37.247886 seconds.
  path: Assets/Scrpits/SetNavigationTarget.cs
  artifactKey: Guid(d697be5685179f9449ebf9170d21f219) Importer(815301076,1909f56bfc062723c751e8b465ee728b)
Start importing Assets/Scrpits/SetNavigationTarget.cs using Guid(d697be5685179f9449ebf9170d21f219) Importer(815301076,1909f56bfc062723c751e8b465ee728b)  -> (artifact id: '6badb562f55408c0b4ef40916e286b10') in 0.005206 seconds 
========================================================================
Received Prepare
Registering precompiled user dll's ...
Registered in 0.012469 seconds.
Begin MonoManager ReloadAssembly
Native extension for WindowsStandalone target not found
Refreshing native plugins compatible for Editor in 0.85 ms, found 6 plugins.
Preloading 1 native plugins for Editor in 0.12 ms.
System.Reflection.TargetInvocationException: Exception has been thrown by the target of an invocation. ---> System.NullReferenceException: Object reference not set to an instance of an object
  at Unity.XR.Oculus.OculusLoader.AssetPathToAbsolutePath (System.String assetPath) [0x0003d] in C:\Users\Harish\Desktop\MajorProject\unityProjects\project1\New Unity Project\Library\PackageCache\com.unity.xr.oculus@1.10.0\Runtime\OculusLoader.cs:250 
  at Unity.XR.Oculus.OculusLoader.EditorLoadOVRPlugin () [0x0007b] in C:\Users\Harish\Desktop\MajorProject\unityProjects\project1\New Unity Project\Library\PackageCache\com.unity.xr.oculus@1.10.0\Runtime\OculusLoader.cs:235 
  at (wrapper managed-to-native) System.Reflection.RuntimeMethodInfo.InternalInvoke(System.Reflection.RuntimeMethodInfo,object,object[],System.Exception&)
  at System.Reflection.RuntimeMethodInfo.Invoke (System.Object obj, System.Reflection.BindingFlags invokeAttr, System.Reflection.Binder binder, System.Object[] parameters, System.Globalization.CultureInfo culture) [0x0006a] in <00c558282d074245ab3496e2d108079b>:0 
   --- End of inner exception stack trace ---
  at System.Reflection.RuntimeMethodInfo.Invoke (System.Object obj, System.Reflection.BindingFlags invokeAttr, System.Reflection.Binder binder, System.Object[] parameters, System.Globalization.CultureInfo culture) [0x00083] in <00c558282d074245ab3496e2d108079b>:0 
  at System.Reflection.MethodBase.Invoke (System.Object obj, System.Object[] parameters) [0x00000] in <00c558282d074245ab3496e2d108079b>:0 
  at UnityEditor.EditorAssemblies.ProcessInitializeOnLoadMethodAttributes () [0x000a5] in <ba030cc3475e41258f58c8c467eb72e2>:0 
UnityEngine.StackTraceUtility:ExtractStackTrace ()
UnityEngine.DebugLogHandler:LogFormat (UnityEngine.LogType,UnityEngine.Object,string,object[])
UnityEngine.Logger:Log (UnityEngine.LogType,object)
UnityEngine.Debug:LogError (object)
UnityEditor.EditorAssemblies:ProcessInitializeOnLoadMethodAttributes ()

Mono: successfully reloaded assembly
- Completed reload, in  1.578 seconds
Domain Reload Profiling:
	ReloadAssembly (1579ms)
		BeginReloadAssembly (195ms)
			ExecutionOrderSort (0ms)
			DisableScriptedObjects (15ms)
			BackupInstance (0ms)
			ReleaseScriptingObjects (0ms)
			CreateAndSetChildDomain (45ms)
		EndReloadAssembly (1225ms)
			LoadAssemblies (124ms)
			RebuildTransferFunctionScriptingTraits (0ms)
			SetupTypeCache (409ms)
			ReleaseScriptCaches (2ms)
			RebuildScriptCaches (60ms)
			SetupLoadedEditorAssemblies (430ms)
				LogAssemblyErrors (0ms)
				InitializePlatformSupportModulesInManaged (17ms)
				SetLoadedEditorAssemblies (1ms)
				RefreshPlugins (1ms)
				BeforeProcessingInitializeOnLoad (104ms)
				ProcessInitializeOnLoadAttributes (257ms)
				ProcessInitializeOnLoadMethodAttributes (40ms)
				AfterProcessingInitializeOnLoad (11ms)
				EditorAssembliesLoaded (0ms)
			ExecutionOrderSort2 (0ms)
			AwakeInstancesAfterBackupRestoration (18ms)
Platform modules already initialized, skipping
Switching build target platform(19) subTarget(0) extendedPlatform(0) -> platform(13) subTarget(0) extendedPlatform(0)
Refreshing native plugins compatible for Editor in 0.77 ms, found 6 plugins.
Preloading 1 native plugins for Editor in 0.11 ms.
Unloading 3465 Unused Serialized files (Serialized files now loaded: 0)
Unloading 21 unused Assets / (41.1 KB). Loaded Objects now: 4057.
Memory consumption went from 129.2 MB to 129.1 MB.
Total: 3.883300 ms (FindLiveObjects: 0.398400 ms CreateObjectMapping: 0.238600 ms MarkObjects: 3.193200 ms  DeleteObjects: 0.051900 ms)

AssetImportParameters requested are different than current active one (requested -> active):
  custom:video-decoder-ogg-theora: a1e56fd34408186e4bbccfd4996cb3dc -> 
  custom:container-muxer-webm: aa71ff27fc2769a1b78a27578f13a17b -> 
  custom:container-demuxer-webm: 4f35f7cbe854078d1ac9338744f61a02 -> 
  custom:video-encoder-webm-vp8: eb34c28f22e8b96e1ab97ce403110664 -> 
  custom:audio-encoder-webm-vorbis: bf7c407c2cedff20999df2af8eb42d56 -> 
  custom:framework-win-MediaFoundation: 216162199b28c13a410421893ffa2e32 -> 
  custom:container-demuxer-ogg: 62fdf1f143b41e24485cea50d1cbac27 -> 
  custom:video-decoder-webm-vp8: 9c59270c3fd7afecdb556c50c9e8de78 -> 
  custom:audio-decoder-ogg-vorbis: bf7c407c2cedff20999df2af8eb42d56 -> 
